Determining if the pthread_create exist failed with the following output:
Change Dir: /home/vasanta/catkin_ws/build/CMakeFiles/CMakeTmp

Run Build Command:/usr/bin/make "cmTryCompileExec220557621/fast"
/usr/bin/make -f CMakeFiles/cmTryCompileExec220557621.dir/build.make CMakeFiles/cmTryCompileExec220557621.dir/build
make[1]: Entering directory `/home/vasanta/catkin_ws/build/CMakeFiles/CMakeTmp'
/usr/bin/cmake -E cmake_progress_report /home/vasanta/catkin_ws/build/CMakeFiles/CMakeTmp/CMakeFiles 1
Building C object CMakeFiles/cmTryCompileExec220557621.dir/CheckSymbolExists.c.o
/usr/bin/cc    -o CMakeFiles/cmTryCompileExec220557621.dir/CheckSymbolExists.c.o   -c /home/vasanta/catkin_ws/build/CMakeFiles/CMakeTmp/CheckSymbolExists.c
Linking C executable cmTryCompileExec220557621
/usr/bin/cmake -E cmake_link_script CMakeFiles/cmTryCompileExec220557621.dir/link.txt --verbose=1
/usr/bin/cc       CMakeFiles/cmTryCompileExec220557621.dir/CheckSymbolExists.c.o  -o cmTryCompileExec220557621 -rdynamic 
CMakeFiles/cmTryCompileExec220557621.dir/CheckSymbolExists.c.o: In function `main':
CheckSymbolExists.c:(.text+0x16): undefined reference to `pthread_create'
collect2: error: ld returned 1 exit status
make[1]: *** [cmTryCompileExec220557621] Error 1
make[1]: Leaving directory `/home/vasanta/catkin_ws/build/CMakeFiles/CMakeTmp'
make: *** [cmTryCompileExec220557621/fast] Error 2

File /home/vasanta/catkin_ws/build/CMakeFiles/CMakeTmp/CheckSymbolExists.c:
/* */
#include <pthread.h>

int main(int argc, char** argv)
{
  (void)argv;
#ifndef pthread_create
  return ((int*)(&pthread_create))[argc];
#else
  (void)argc;
  return 0;
#endif
}

Determining if the function pthread_create exists in the pthreads failed with the following output:
Change Dir: /home/vasanta/catkin_ws/build/CMakeFiles/CMakeTmp

Run Build Command:/usr/bin/make "cmTryCompileExec747274661/fast"
/usr/bin/make -f CMakeFiles/cmTryCompileExec747274661.dir/build.make CMakeFiles/cmTryCompileExec747274661.dir/build
make[1]: Entering directory `/home/vasanta/catkin_ws/build/CMakeFiles/CMakeTmp'
/usr/bin/cmake -E cmake_progress_report /home/vasanta/catkin_ws/build/CMakeFiles/CMakeTmp/CMakeFiles 1
Building C object CMakeFiles/cmTryCompileExec747274661.dir/CheckFunctionExists.c.o
/usr/bin/cc   -DCHECK_FUNCTION_EXISTS=pthread_create   -o CMakeFiles/cmTryCompileExec747274661.dir/CheckFunctionExists.c.o   -c /usr/share/cmake-2.8/Modules/CheckFunctionExists.c
Linking C executable cmTryCompileExec747274661
/usr/bin/cmake -E cmake_link_script CMakeFiles/cmTryCompileExec747274661.dir/link.txt --verbose=1
/usr/bin/cc   -DCHECK_FUNCTION_EXISTS=pthread_create    CMakeFiles/cmTryCompileExec747274661.dir/CheckFunctionExists.c.o  -o cmTryCompileExec747274661 -rdynamic -lpthreads 
/usr/bin/ld: cannot find -lpthreads
collect2: error: ld returned 1 exit status
make[1]: *** [cmTryCompileExec747274661] Error 1
make[1]: Leaving directory `/home/vasanta/catkin_ws/build/CMakeFiles/CMakeTmp'
make: *** [cmTryCompileExec747274661/fast] Error 2


